{"/Users/sylvenas/Documents/work/GitLab/convert-color/src/index.ts": {"path":"/Users/sylvenas/Documents/work/GitLab/convert-color/src/index.ts","statementMap":{"0":{"start":{"line":1,"column":0},"end":{"line":1,"column":7}},"1":{"start":{"line":11,"column":4},"end":{"line":1,"column":37}},"2":{"start":{"line":2,"column":0},"end":{"line":2,"column":7}},"3":{"start":{"line":12,"column":4},"end":{"line":2,"column":37}},"4":{"start":{"line":4,"column":0},"end":{"line":4,"column":7}},"5":{"start":{"line":14,"column":4},"end":{"line":4,"column":37}},"6":{"start":{"line":5,"column":0},"end":{"line":5,"column":7}},"7":{"start":{"line":15,"column":4},"end":{"line":5,"column":37}},"8":{"start":{"line":7,"column":0},"end":{"line":7,"column":7}},"9":{"start":{"line":17,"column":4},"end":{"line":7,"column":37}},"10":{"start":{"line":8,"column":0},"end":{"line":8,"column":7}},"11":{"start":{"line":18,"column":4},"end":{"line":8,"column":37}}},"fnMap":{},"branchMap":{},"s":{"0":6,"1":6,"2":6,"3":6,"4":6,"5":6,"6":6,"7":6,"8":6,"9":6,"10":6,"11":6},"f":{},"b":{}}
,"/Users/sylvenas/Documents/work/GitLab/convert-color/src/HEX/HEXToHSL.ts": {"path":"/Users/sylvenas/Documents/work/GitLab/convert-color/src/HEX/HEXToHSL.ts","statementMap":{"0":{"start":{"line":1,"column":0},"end":{"line":1,"column":50}},"1":{"start":{"line":16,"column":4},"end":{"line":17,"column":null}},"2":{"start":{"line":17,"column":8},"end":{"line":17,"column":null}},"3":{"start":{"line":20,"column":12},"end":{"line":20,"column":15}},"4":{"start":{"line":20,"column":21},"end":{"line":20,"column":24}},"5":{"start":{"line":20,"column":30},"end":{"line":20,"column":33}},"6":{"start":{"line":20,"column":39},"end":{"line":20,"column":42}},"7":{"start":{"line":21,"column":4},"end":{"line":29,"column":null}},"8":{"start":{"line":22,"column":8},"end":{"line":22,"column":35}},"9":{"start":{"line":23,"column":8},"end":{"line":23,"column":35}},"10":{"start":{"line":24,"column":8},"end":{"line":24,"column":35}},"11":{"start":{"line":25,"column":11},"end":{"line":29,"column":null}},"12":{"start":{"line":26,"column":8},"end":{"line":26,"column":35}},"13":{"start":{"line":27,"column":8},"end":{"line":27,"column":35}},"14":{"start":{"line":28,"column":8},"end":{"line":28,"column":35}},"15":{"start":{"line":31,"column":4},"end":{"line":34,"column":35}},"16":{"start":{"line":32,"column":8},"end":{"line":32,"column":35}},"17":{"start":{"line":33,"column":9},"end":{"line":34,"column":35}},"18":{"start":{"line":34,"column":8},"end":{"line":34,"column":35}},"19":{"start":{"line":37,"column":14},"end":{"line":37,"column":22}},"20":{"start":{"line":38,"column":16},"end":{"line":38,"column":24}},"21":{"start":{"line":39,"column":15},"end":{"line":39,"column":23}},"22":{"start":{"line":40,"column":16},"end":{"line":40,"column":38}},"23":{"start":{"line":41,"column":15},"end":{"line":41,"column":41}},"24":{"start":{"line":42,"column":15},"end":{"line":42,"column":41}},"25":{"start":{"line":43,"column":16},"end":{"line":43,"column":27}},"26":{"start":{"line":44,"column":12},"end":{"line":44,"column":13}},"27":{"start":{"line":45,"column":12},"end":{"line":45,"column":13}},"28":{"start":{"line":46,"column":12},"end":{"line":46,"column":13}},"29":{"start":{"line":48,"column":4},"end":{"line":55,"column":38}},"30":{"start":{"line":49,"column":8},"end":{"line":49,"column":14}},"31":{"start":{"line":50,"column":9},"end":{"line":55,"column":38}},"32":{"start":{"line":51,"column":8},"end":{"line":51,"column":41}},"33":{"start":{"line":52,"column":9},"end":{"line":55,"column":38}},"34":{"start":{"line":53,"column":8},"end":{"line":53,"column":37}},"35":{"start":{"line":55,"column":8},"end":{"line":55,"column":38}},"36":{"start":{"line":57,"column":4},"end":{"line":57,"column":27}},"37":{"start":{"line":59,"column":4},"end":{"line":60,"column":17}},"38":{"start":{"line":60,"column":8},"end":{"line":60,"column":17}},"39":{"start":{"line":62,"column":4},"end":{"line":62,"column":26}},"40":{"start":{"line":63,"column":4},"end":{"line":63,"column":59}},"41":{"start":{"line":64,"column":4},"end":{"line":64,"column":30}},"42":{"start":{"line":65,"column":4},"end":{"line":65,"column":30}},"43":{"start":{"line":67,"column":4},"end":{"line":70,"column":null}},"44":{"start":{"line":68,"column":8},"end":{"line":68,"column":null}},"45":{"start":{"line":70,"column":8},"end":{"line":70,"column":null}},"46":{"start":{"line":73,"column":0},"end":{"line":73,"column":null}}},"fnMap":{"0":{"name":"hexToHSL","decl":{"start":{"line":15,"column":9},"end":{"line":15,"column":17}},"loc":{"start":{"line":15,"column":29},"end":{"line":71,"column":1}}}},"branchMap":{"0":{"loc":{"start":{"line":16,"column":4},"end":{"line":17,"column":null}},"type":"if","locations":[{"start":{"line":16,"column":4},"end":{"line":17,"column":null}},{"start":{"line":16,"column":4},"end":{"line":17,"column":null}}]},"1":{"loc":{"start":{"line":16,"column":10},"end":{"line":16,"column":27}},"type":"binary-expr","locations":[{"start":{"line":16,"column":10},"end":{"line":16,"column":27}},{"start":{"line":16,"column":31},"end":{"line":16,"column":51}}]},"2":{"loc":{"start":{"line":21,"column":4},"end":{"line":29,"column":null}},"type":"if","locations":[{"start":{"line":21,"column":4},"end":{"line":29,"column":null}},{"start":{"line":21,"column":4},"end":{"line":29,"column":null}}]},"3":{"loc":{"start":{"line":21,"column":8},"end":{"line":21,"column":23}},"type":"binary-expr","locations":[{"start":{"line":21,"column":8},"end":{"line":21,"column":23}},{"start":{"line":21,"column":27},"end":{"line":21,"column":43}}]},"4":{"loc":{"start":{"line":25,"column":11},"end":{"line":29,"column":null}},"type":"if","locations":[{"start":{"line":25,"column":11},"end":{"line":29,"column":null}},{"start":{"line":25,"column":11},"end":{"line":29,"column":null}}]},"5":{"loc":{"start":{"line":25,"column":15},"end":{"line":25,"column":30}},"type":"binary-expr","locations":[{"start":{"line":25,"column":15},"end":{"line":25,"column":30}},{"start":{"line":25,"column":34},"end":{"line":25,"column":50}}]},"6":{"loc":{"start":{"line":31,"column":4},"end":{"line":34,"column":35}},"type":"if","locations":[{"start":{"line":31,"column":4},"end":{"line":34,"column":35}},{"start":{"line":31,"column":4},"end":{"line":34,"column":35}}]},"7":{"loc":{"start":{"line":33,"column":9},"end":{"line":34,"column":35}},"type":"if","locations":[{"start":{"line":33,"column":9},"end":{"line":34,"column":35}},{"start":{"line":33,"column":9},"end":{"line":34,"column":35}}]},"8":{"loc":{"start":{"line":48,"column":4},"end":{"line":55,"column":38}},"type":"if","locations":[{"start":{"line":48,"column":4},"end":{"line":55,"column":38}},{"start":{"line":48,"column":4},"end":{"line":55,"column":38}}]},"9":{"loc":{"start":{"line":50,"column":9},"end":{"line":55,"column":38}},"type":"if","locations":[{"start":{"line":50,"column":9},"end":{"line":55,"column":38}},{"start":{"line":50,"column":9},"end":{"line":55,"column":38}}]},"10":{"loc":{"start":{"line":52,"column":9},"end":{"line":55,"column":38}},"type":"if","locations":[{"start":{"line":52,"column":9},"end":{"line":55,"column":38}},{"start":{"line":52,"column":9},"end":{"line":55,"column":38}}]},"11":{"loc":{"start":{"line":59,"column":4},"end":{"line":60,"column":17}},"type":"if","locations":[{"start":{"line":59,"column":4},"end":{"line":60,"column":17}},{"start":{"line":59,"column":4},"end":{"line":60,"column":17}}]},"12":{"loc":{"start":{"line":63,"column":21},"end":{"line":63,"column":22}},"type":"cond-expr","locations":[{"start":{"line":63,"column":21},"end":{"line":63,"column":22}},{"start":{"line":63,"column":25},"end":{"line":63,"column":58}}]},"13":{"loc":{"start":{"line":67,"column":4},"end":{"line":70,"column":null}},"type":"if","locations":[{"start":{"line":67,"column":4},"end":{"line":70,"column":null}},{"start":{"line":67,"column":4},"end":{"line":70,"column":null}}]},"14":{"loc":{"start":{"line":67,"column":8},"end":{"line":67,"column":24}},"type":"binary-expr","locations":[{"start":{"line":67,"column":8},"end":{"line":67,"column":24}},{"start":{"line":67,"column":28},"end":{"line":67,"column":44}}]}},"s":{"0":6,"1":14,"2":0,"3":14,"4":14,"5":14,"6":14,"7":14,"8":8,"9":8,"10":8,"11":6,"12":6,"13":6,"14":6,"15":14,"16":3,"17":11,"18":3,"19":14,"20":14,"21":14,"22":14,"23":14,"24":14,"25":14,"26":14,"27":14,"28":14,"29":14,"30":1,"31":13,"32":8,"33":5,"34":1,"35":4,"36":14,"37":14,"38":8,"39":14,"40":14,"41":14,"42":14,"43":14,"44":8,"45":6,"46":6},"f":{"0":14},"b":{"0":[0,14],"1":[14,6],"2":[8,6],"3":[14,9],"4":[6,0],"5":[6,3],"6":[3,11],"7":[3,8],"8":[1,13],"9":[8,5],"10":[1,4],"11":[8,6],"12":[1,13],"13":[8,6],"14":[14,9]}}
,"/Users/sylvenas/Documents/work/GitLab/convert-color/src/HEX/HEXToRGB.ts": {"path":"/Users/sylvenas/Documents/work/GitLab/convert-color/src/HEX/HEXToRGB.ts","statementMap":{"0":{"start":{"line":1,"column":0},"end":{"line":1,"column":50}},"1":{"start":{"line":17,"column":4},"end":{"line":18,"column":null}},"2":{"start":{"line":18,"column":8},"end":{"line":18,"column":null}},"3":{"start":{"line":20,"column":22},"end":{"line":20,"column":25}},"4":{"start":{"line":21,"column":24},"end":{"line":21,"column":27}},"5":{"start":{"line":22,"column":23},"end":{"line":22,"column":26}},"6":{"start":{"line":23,"column":24},"end":{"line":23,"column":27}},"7":{"start":{"line":26,"column":4},"end":{"line":36,"column":null}},"8":{"start":{"line":27,"column":8},"end":{"line":27,"column":33}},"9":{"start":{"line":28,"column":8},"end":{"line":28,"column":35}},"10":{"start":{"line":29,"column":8},"end":{"line":29,"column":34}},"11":{"start":{"line":32,"column":11},"end":{"line":36,"column":null}},"12":{"start":{"line":33,"column":8},"end":{"line":33,"column":33}},"13":{"start":{"line":34,"column":8},"end":{"line":34,"column":35}},"14":{"start":{"line":35,"column":8},"end":{"line":35,"column":34}},"15":{"start":{"line":37,"column":4},"end":{"line":43,"column":null}},"16":{"start":{"line":38,"column":8},"end":{"line":38,"column":35}},"17":{"start":{"line":39,"column":8},"end":{"line":39,"column":42}},"18":{"start":{"line":40,"column":11},"end":{"line":43,"column":null}},"19":{"start":{"line":41,"column":8},"end":{"line":41,"column":35}},"20":{"start":{"line":42,"column":8},"end":{"line":42,"column":42}},"21":{"start":{"line":46,"column":4},"end":{"line":50,"column":null}},"22":{"start":{"line":47,"column":8},"end":{"line":47,"column":null}},"23":{"start":{"line":49,"column":8},"end":{"line":49,"column":null}},"24":{"start":{"line":53,"column":0},"end":{"line":53,"column":null}}},"fnMap":{"0":{"name":"HEXToRGB","decl":{"start":{"line":16,"column":9},"end":{"line":16,"column":17}},"loc":{"start":{"line":16,"column":27},"end":{"line":51,"column":1}}}},"branchMap":{"0":{"loc":{"start":{"line":17,"column":4},"end":{"line":18,"column":null}},"type":"if","locations":[{"start":{"line":17,"column":4},"end":{"line":18,"column":null}},{"start":{"line":17,"column":4},"end":{"line":18,"column":null}}]},"1":{"loc":{"start":{"line":17,"column":10},"end":{"line":17,"column":25}},"type":"binary-expr","locations":[{"start":{"line":17,"column":10},"end":{"line":17,"column":25}},{"start":{"line":17,"column":29},"end":{"line":17,"column":47}}]},"2":{"loc":{"start":{"line":26,"column":4},"end":{"line":36,"column":null}},"type":"if","locations":[{"start":{"line":26,"column":4},"end":{"line":36,"column":null}},{"start":{"line":26,"column":4},"end":{"line":36,"column":null}}]},"3":{"loc":{"start":{"line":26,"column":8},"end":{"line":26,"column":22}},"type":"binary-expr","locations":[{"start":{"line":26,"column":8},"end":{"line":26,"column":22}},{"start":{"line":26,"column":26},"end":{"line":26,"column":40}}]},"4":{"loc":{"start":{"line":32,"column":11},"end":{"line":36,"column":null}},"type":"if","locations":[{"start":{"line":32,"column":11},"end":{"line":36,"column":null}},{"start":{"line":32,"column":11},"end":{"line":36,"column":null}}]},"5":{"loc":{"start":{"line":32,"column":15},"end":{"line":32,"column":29}},"type":"binary-expr","locations":[{"start":{"line":32,"column":15},"end":{"line":32,"column":29}},{"start":{"line":32,"column":33},"end":{"line":32,"column":47}}]},"6":{"loc":{"start":{"line":37,"column":4},"end":{"line":43,"column":null}},"type":"if","locations":[{"start":{"line":37,"column":4},"end":{"line":43,"column":null}},{"start":{"line":37,"column":4},"end":{"line":43,"column":null}}]},"7":{"loc":{"start":{"line":40,"column":11},"end":{"line":43,"column":null}},"type":"if","locations":[{"start":{"line":40,"column":11},"end":{"line":43,"column":null}},{"start":{"line":40,"column":11},"end":{"line":43,"column":null}}]},"8":{"loc":{"start":{"line":46,"column":4},"end":{"line":50,"column":null}},"type":"if","locations":[{"start":{"line":46,"column":4},"end":{"line":50,"column":null}},{"start":{"line":46,"column":4},"end":{"line":50,"column":null}}]},"9":{"loc":{"start":{"line":46,"column":8},"end":{"line":46,"column":22}},"type":"binary-expr","locations":[{"start":{"line":46,"column":8},"end":{"line":46,"column":22}},{"start":{"line":46,"column":26},"end":{"line":46,"column":40}}]}},"s":{"0":6,"1":12,"2":0,"3":12,"4":12,"5":12,"6":12,"7":12,"8":6,"9":6,"10":6,"11":6,"12":6,"13":6,"14":6,"15":12,"16":3,"17":3,"18":9,"19":3,"20":3,"21":12,"22":6,"23":6,"24":6},"f":{"0":12},"b":{"0":[0,12],"1":[12,6],"2":[6,6],"3":[12,9],"4":[6,0],"5":[6,3],"6":[3,9],"7":[3,6],"8":[6,6],"9":[12,9]}}
,"/Users/sylvenas/Documents/work/GitLab/convert-color/src/HSL/HSLToHEX.ts": {"path":"/Users/sylvenas/Documents/work/GitLab/convert-color/src/HSL/HSLToHEX.ts","statementMap":{"0":{"start":{"line":1,"column":0},"end":{"line":1,"column":42}},"1":{"start":{"line":2,"column":0},"end":{"line":2,"column":48}},"2":{"start":{"line":3,"column":0},"end":{"line":3,"column":47}},"3":{"start":{"line":29,"column":4},"end":{"line":50,"column":null}},"4":{"start":{"line":30,"column":8},"end":{"line":31,"column":null}},"5":{"start":{"line":31,"column":12},"end":{"line":31,"column":null}},"6":{"start":{"line":34,"column":8},"end":{"line":34,"column":26}},"7":{"start":{"line":35,"column":8},"end":{"line":35,"column":29}},"8":{"start":{"line":36,"column":8},"end":{"line":36,"column":28}},"9":{"start":{"line":37,"column":8},"end":{"line":38,"column":53}},"10":{"start":{"line":38,"column":12},"end":{"line":38,"column":53}},"11":{"start":{"line":39,"column":11},"end":{"line":50,"column":null}},"12":{"start":{"line":40,"column":8},"end":{"line":41,"column":null}},"13":{"start":{"line":41,"column":12},"end":{"line":41,"column":null}},"14":{"start":{"line":43,"column":21},"end":{"line":43,"column":39}},"15":{"start":{"line":44,"column":8},"end":{"line":44,"column":null}},"16":{"start":{"line":45,"column":8},"end":{"line":45,"column":null}},"17":{"start":{"line":46,"column":8},"end":{"line":46,"column":null}},"18":{"start":{"line":47,"column":8},"end":{"line":49,"column":null}},"19":{"start":{"line":48,"column":12},"end":{"line":48,"column":null}},"20":{"start":{"line":52,"column":26},"end":{"line":52,"column":72}},"21":{"start":{"line":53,"column":28},"end":{"line":53,"column":72}},"22":{"start":{"line":54,"column":25},"end":{"line":54,"column":48}},"23":{"start":{"line":55,"column":31},"end":{"line":55,"column":32}},"24":{"start":{"line":56,"column":33},"end":{"line":56,"column":34}},"25":{"start":{"line":57,"column":32},"end":{"line":57,"column":33}},"26":{"start":{"line":59,"column":4},"end":{"line":71,"column":null}},"27":{"start":{"line":60,"column":8},"end":{"line":60,"column":22}},"28":{"start":{"line":60,"column":23},"end":{"line":60,"column":41}},"29":{"start":{"line":60,"column":42},"end":{"line":60,"column":51}},"30":{"start":{"line":61,"column":11},"end":{"line":71,"column":null}},"31":{"start":{"line":62,"column":8},"end":{"line":62,"column":24}},"32":{"start":{"line":62,"column":25},"end":{"line":62,"column":41}},"33":{"start":{"line":62,"column":42},"end":{"line":62,"column":51}},"34":{"start":{"line":63,"column":11},"end":{"line":71,"column":null}},"35":{"start":{"line":64,"column":8},"end":{"line":64,"column":16}},"36":{"start":{"line":64,"column":17},"end":{"line":64,"column":33}},"37":{"start":{"line":64,"column":34},"end":{"line":64,"column":51}},"38":{"start":{"line":65,"column":11},"end":{"line":71,"column":null}},"39":{"start":{"line":66,"column":8},"end":{"line":66,"column":16}},"40":{"start":{"line":66,"column":17},"end":{"line":66,"column":35}},"41":{"start":{"line":66,"column":36},"end":{"line":66,"column":51}},"42":{"start":{"line":67,"column":11},"end":{"line":71,"column":null}},"43":{"start":{"line":68,"column":8},"end":{"line":68,"column":24}},"44":{"start":{"line":68,"column":25},"end":{"line":68,"column":35}},"45":{"start":{"line":68,"column":36},"end":{"line":68,"column":51}},"46":{"start":{"line":69,"column":11},"end":{"line":71,"column":null}},"47":{"start":{"line":70,"column":8},"end":{"line":70,"column":22}},"48":{"start":{"line":70,"column":23},"end":{"line":70,"column":33}},"49":{"start":{"line":70,"column":34},"end":{"line":70,"column":51}},"50":{"start":{"line":72,"column":4},"end":{"line":72,"column":66}},"51":{"start":{"line":73,"column":4},"end":{"line":73,"column":70}},"52":{"start":{"line":74,"column":4},"end":{"line":74,"column":68}},"53":{"start":{"line":77,"column":4},"end":{"line":78,"column":24}},"54":{"start":{"line":78,"column":8},"end":{"line":78,"column":24}},"55":{"start":{"line":79,"column":4},"end":{"line":80,"column":28}},"56":{"start":{"line":80,"column":8},"end":{"line":80,"column":28}},"57":{"start":{"line":81,"column":4},"end":{"line":82,"column":26}},"58":{"start":{"line":82,"column":8},"end":{"line":82,"column":26}},"59":{"start":{"line":84,"column":4},"end":{"line":86,"column":null}},"60":{"start":{"line":85,"column":8},"end":{"line":85,"column":null}},"61":{"start":{"line":88,"column":4},"end":{"line":88,"column":null}},"62":{"start":{"line":91,"column":0},"end":{"line":91,"column":null}}},"fnMap":{"0":{"name":"HSLToHEX","decl":{"start":{"line":23,"column":9},"end":{"line":23,"column":17}},"loc":{"start":{"line":23,"column":72},"end":{"line":89,"column":1}}}},"branchMap":{"0":{"loc":{"start":{"line":29,"column":4},"end":{"line":50,"column":null}},"type":"if","locations":[{"start":{"line":29,"column":4},"end":{"line":50,"column":null}},{"start":{"line":29,"column":4},"end":{"line":50,"column":null}}]},"1":{"loc":{"start":{"line":30,"column":8},"end":{"line":31,"column":null}},"type":"if","locations":[{"start":{"line":30,"column":8},"end":{"line":31,"column":null}},{"start":{"line":30,"column":8},"end":{"line":31,"column":null}}]},"2":{"loc":{"start":{"line":30,"column":36},"end":{"line":30,"column":37}},"type":"cond-expr","locations":[{"start":{"line":30,"column":36},"end":{"line":30,"column":37}},{"start":{"line":30,"column":40},"end":{"line":30,"column":41}}]},"3":{"loc":{"start":{"line":37,"column":8},"end":{"line":38,"column":53}},"type":"if","locations":[{"start":{"line":37,"column":8},"end":{"line":38,"column":53}},{"start":{"line":37,"column":8},"end":{"line":38,"column":53}}]},"4":{"loc":{"start":{"line":37,"column":12},"end":{"line":37,"column":13}},"type":"binary-expr","locations":[{"start":{"line":37,"column":12},"end":{"line":37,"column":13}},{"start":{"line":37,"column":17},"end":{"line":37,"column":38}}]},"5":{"loc":{"start":{"line":39,"column":11},"end":{"line":50,"column":null}},"type":"if","locations":[{"start":{"line":39,"column":11},"end":{"line":50,"column":null}},{"start":{"line":39,"column":11},"end":{"line":50,"column":null}}]},"6":{"loc":{"start":{"line":40,"column":8},"end":{"line":41,"column":null}},"type":"if","locations":[{"start":{"line":40,"column":8},"end":{"line":41,"column":null}},{"start":{"line":40,"column":8},"end":{"line":41,"column":null}}]},"7":{"loc":{"start":{"line":40,"column":14},"end":{"line":40,"column":29}},"type":"binary-expr","locations":[{"start":{"line":40,"column":14},"end":{"line":40,"column":29}},{"start":{"line":40,"column":33},"end":{"line":40,"column":49}}]},"8":{"loc":{"start":{"line":47,"column":8},"end":{"line":49,"column":null}},"type":"if","locations":[{"start":{"line":47,"column":8},"end":{"line":49,"column":null}},{"start":{"line":47,"column":8},"end":{"line":49,"column":null}}]},"9":{"loc":{"start":{"line":59,"column":4},"end":{"line":71,"column":null}},"type":"if","locations":[{"start":{"line":59,"column":4},"end":{"line":71,"column":null}},{"start":{"line":59,"column":4},"end":{"line":71,"column":null}}]},"10":{"loc":{"start":{"line":59,"column":8},"end":{"line":59,"column":16}},"type":"binary-expr","locations":[{"start":{"line":59,"column":8},"end":{"line":59,"column":16}},{"start":{"line":59,"column":20},"end":{"line":59,"column":28}}]},"11":{"loc":{"start":{"line":61,"column":11},"end":{"line":71,"column":null}},"type":"if","locations":[{"start":{"line":61,"column":11},"end":{"line":71,"column":null}},{"start":{"line":61,"column":11},"end":{"line":71,"column":null}}]},"12":{"loc":{"start":{"line":61,"column":15},"end":{"line":61,"column":24}},"type":"binary-expr","locations":[{"start":{"line":61,"column":15},"end":{"line":61,"column":24}},{"start":{"line":61,"column":28},"end":{"line":61,"column":37}}]},"13":{"loc":{"start":{"line":63,"column":11},"end":{"line":71,"column":null}},"type":"if","locations":[{"start":{"line":63,"column":11},"end":{"line":71,"column":null}},{"start":{"line":63,"column":11},"end":{"line":71,"column":null}}]},"14":{"loc":{"start":{"line":63,"column":15},"end":{"line":63,"column":25}},"type":"binary-expr","locations":[{"start":{"line":63,"column":15},"end":{"line":63,"column":25}},{"start":{"line":63,"column":29},"end":{"line":63,"column":38}}]},"15":{"loc":{"start":{"line":65,"column":11},"end":{"line":71,"column":null}},"type":"if","locations":[{"start":{"line":65,"column":11},"end":{"line":71,"column":null}},{"start":{"line":65,"column":11},"end":{"line":71,"column":null}}]},"16":{"loc":{"start":{"line":65,"column":15},"end":{"line":65,"column":25}},"type":"binary-expr","locations":[{"start":{"line":65,"column":15},"end":{"line":65,"column":25}},{"start":{"line":65,"column":29},"end":{"line":65,"column":38}}]},"17":{"loc":{"start":{"line":67,"column":11},"end":{"line":71,"column":null}},"type":"if","locations":[{"start":{"line":67,"column":11},"end":{"line":71,"column":null}},{"start":{"line":67,"column":11},"end":{"line":71,"column":null}}]},"18":{"loc":{"start":{"line":67,"column":15},"end":{"line":67,"column":25}},"type":"binary-expr","locations":[{"start":{"line":67,"column":15},"end":{"line":67,"column":25}},{"start":{"line":67,"column":29},"end":{"line":67,"column":38}}]},"19":{"loc":{"start":{"line":69,"column":11},"end":{"line":71,"column":null}},"type":"if","locations":[{"start":{"line":69,"column":11},"end":{"line":71,"column":null}},{"start":{"line":69,"column":11},"end":{"line":71,"column":null}}]},"20":{"loc":{"start":{"line":69,"column":15},"end":{"line":69,"column":25}},"type":"binary-expr","locations":[{"start":{"line":69,"column":15},"end":{"line":69,"column":25}},{"start":{"line":69,"column":29},"end":{"line":69,"column":38}}]},"21":{"loc":{"start":{"line":77,"column":4},"end":{"line":78,"column":24}},"type":"if","locations":[{"start":{"line":77,"column":4},"end":{"line":78,"column":24}},{"start":{"line":77,"column":4},"end":{"line":78,"column":24}}]},"22":{"loc":{"start":{"line":79,"column":4},"end":{"line":80,"column":28}},"type":"if","locations":[{"start":{"line":79,"column":4},"end":{"line":80,"column":28}},{"start":{"line":79,"column":4},"end":{"line":80,"column":28}}]},"23":{"loc":{"start":{"line":81,"column":4},"end":{"line":82,"column":26}},"type":"if","locations":[{"start":{"line":81,"column":4},"end":{"line":82,"column":26}},{"start":{"line":81,"column":4},"end":{"line":82,"column":26}}]},"24":{"loc":{"start":{"line":84,"column":4},"end":{"line":86,"column":null}},"type":"if","locations":[{"start":{"line":84,"column":4},"end":{"line":86,"column":null}},{"start":{"line":84,"column":4},"end":{"line":86,"column":null}}]}},"s":{"0":6,"1":6,"2":6,"3":30,"4":6,"5":0,"6":6,"7":6,"8":6,"9":6,"10":3,"11":24,"12":24,"13":0,"14":24,"15":24,"16":24,"17":24,"18":24,"19":9,"20":30,"21":30,"22":30,"23":30,"24":30,"25":30,"26":30,"27":5,"28":5,"29":5,"30":25,"31":6,"32":6,"33":6,"34":19,"35":4,"36":4,"37":4,"38":15,"39":6,"40":6,"41":6,"42":9,"43":4,"44":4,"45":4,"46":5,"47":5,"48":5,"49":5,"50":30,"51":30,"52":30,"53":30,"54":5,"55":30,"56":1,"57":30,"58":1,"59":30,"60":12,"61":18,"62":6},"f":{"0":30},"b":{"0":[6,24],"1":[0,6],"2":[3,3],"3":[3,3],"4":[6,3],"5":[24,0],"6":[0,24],"7":[24,9],"8":[9,15],"9":[5,25],"10":[30,30],"11":[6,19],"12":[25,25],"13":[4,15],"14":[19,19],"15":[6,9],"16":[15,15],"17":[4,5],"18":[9,9],"19":[5,0],"20":[5,5],"21":[5,25],"22":[1,29],"23":[1,29],"24":[12,18]}}
,"/Users/sylvenas/Documents/work/GitLab/convert-color/src/HSL/HSLToRGB.ts": {"path":"/Users/sylvenas/Documents/work/GitLab/convert-color/src/HSL/HSLToRGB.ts","statementMap":{"0":{"start":{"line":1,"column":0},"end":{"line":1,"column":42}},"1":{"start":{"line":2,"column":0},"end":{"line":2,"column":48}},"2":{"start":{"line":3,"column":0},"end":{"line":3,"column":47}},"3":{"start":{"line":30,"column":4},"end":{"line":51,"column":null}},"4":{"start":{"line":31,"column":8},"end":{"line":32,"column":null}},"5":{"start":{"line":32,"column":12},"end":{"line":32,"column":null}},"6":{"start":{"line":35,"column":8},"end":{"line":35,"column":26}},"7":{"start":{"line":36,"column":8},"end":{"line":36,"column":29}},"8":{"start":{"line":37,"column":8},"end":{"line":37,"column":28}},"9":{"start":{"line":38,"column":8},"end":{"line":39,"column":null}},"10":{"start":{"line":39,"column":12},"end":{"line":39,"column":null}},"11":{"start":{"line":40,"column":11},"end":{"line":51,"column":null}},"12":{"start":{"line":41,"column":8},"end":{"line":42,"column":null}},"13":{"start":{"line":42,"column":12},"end":{"line":42,"column":null}},"14":{"start":{"line":44,"column":21},"end":{"line":44,"column":39}},"15":{"start":{"line":45,"column":8},"end":{"line":45,"column":null}},"16":{"start":{"line":46,"column":8},"end":{"line":46,"column":null}},"17":{"start":{"line":47,"column":8},"end":{"line":47,"column":null}},"18":{"start":{"line":48,"column":8},"end":{"line":50,"column":null}},"19":{"start":{"line":49,"column":12},"end":{"line":49,"column":null}},"20":{"start":{"line":53,"column":26},"end":{"line":53,"column":72}},"21":{"start":{"line":54,"column":28},"end":{"line":54,"column":72}},"22":{"start":{"line":55,"column":25},"end":{"line":55,"column":48}},"23":{"start":{"line":56,"column":22},"end":{"line":56,"column":23}},"24":{"start":{"line":57,"column":24},"end":{"line":57,"column":25}},"25":{"start":{"line":58,"column":23},"end":{"line":58,"column":24}},"26":{"start":{"line":60,"column":4},"end":{"line":72,"column":null}},"27":{"start":{"line":61,"column":8},"end":{"line":61,"column":22}},"28":{"start":{"line":61,"column":23},"end":{"line":61,"column":41}},"29":{"start":{"line":61,"column":42},"end":{"line":61,"column":51}},"30":{"start":{"line":62,"column":11},"end":{"line":72,"column":null}},"31":{"start":{"line":63,"column":8},"end":{"line":63,"column":24}},"32":{"start":{"line":63,"column":25},"end":{"line":63,"column":41}},"33":{"start":{"line":63,"column":42},"end":{"line":63,"column":51}},"34":{"start":{"line":64,"column":11},"end":{"line":72,"column":null}},"35":{"start":{"line":65,"column":8},"end":{"line":65,"column":16}},"36":{"start":{"line":65,"column":17},"end":{"line":65,"column":33}},"37":{"start":{"line":65,"column":34},"end":{"line":65,"column":51}},"38":{"start":{"line":66,"column":11},"end":{"line":72,"column":null}},"39":{"start":{"line":67,"column":8},"end":{"line":67,"column":16}},"40":{"start":{"line":67,"column":17},"end":{"line":67,"column":35}},"41":{"start":{"line":67,"column":36},"end":{"line":67,"column":51}},"42":{"start":{"line":68,"column":11},"end":{"line":72,"column":null}},"43":{"start":{"line":69,"column":8},"end":{"line":69,"column":24}},"44":{"start":{"line":69,"column":25},"end":{"line":69,"column":35}},"45":{"start":{"line":69,"column":36},"end":{"line":69,"column":51}},"46":{"start":{"line":70,"column":11},"end":{"line":72,"column":null}},"47":{"start":{"line":71,"column":8},"end":{"line":71,"column":22}},"48":{"start":{"line":71,"column":23},"end":{"line":71,"column":33}},"49":{"start":{"line":71,"column":34},"end":{"line":71,"column":51}},"50":{"start":{"line":73,"column":4},"end":{"line":73,"column":43}},"51":{"start":{"line":74,"column":4},"end":{"line":74,"column":47}},"52":{"start":{"line":75,"column":4},"end":{"line":75,"column":45}},"53":{"start":{"line":77,"column":4},"end":{"line":79,"column":null}},"54":{"start":{"line":78,"column":8},"end":{"line":78,"column":null}},"55":{"start":{"line":81,"column":4},"end":{"line":81,"column":null}},"56":{"start":{"line":84,"column":0},"end":{"line":84,"column":null}}},"fnMap":{"0":{"name":"HSLToRGB","decl":{"start":{"line":24,"column":9},"end":{"line":24,"column":17}},"loc":{"start":{"line":24,"column":72},"end":{"line":82,"column":1}}}},"branchMap":{"0":{"loc":{"start":{"line":30,"column":4},"end":{"line":51,"column":null}},"type":"if","locations":[{"start":{"line":30,"column":4},"end":{"line":51,"column":null}},{"start":{"line":30,"column":4},"end":{"line":51,"column":null}}]},"1":{"loc":{"start":{"line":31,"column":8},"end":{"line":32,"column":null}},"type":"if","locations":[{"start":{"line":31,"column":8},"end":{"line":32,"column":null}},{"start":{"line":31,"column":8},"end":{"line":32,"column":null}}]},"2":{"loc":{"start":{"line":31,"column":36},"end":{"line":31,"column":37}},"type":"cond-expr","locations":[{"start":{"line":31,"column":36},"end":{"line":31,"column":37}},{"start":{"line":31,"column":40},"end":{"line":31,"column":41}}]},"3":{"loc":{"start":{"line":38,"column":8},"end":{"line":39,"column":null}},"type":"if","locations":[{"start":{"line":38,"column":8},"end":{"line":39,"column":null}},{"start":{"line":38,"column":8},"end":{"line":39,"column":null}}]},"4":{"loc":{"start":{"line":38,"column":12},"end":{"line":38,"column":13}},"type":"binary-expr","locations":[{"start":{"line":38,"column":12},"end":{"line":38,"column":13}},{"start":{"line":38,"column":17},"end":{"line":38,"column":38}}]},"5":{"loc":{"start":{"line":40,"column":11},"end":{"line":51,"column":null}},"type":"if","locations":[{"start":{"line":40,"column":11},"end":{"line":51,"column":null}},{"start":{"line":40,"column":11},"end":{"line":51,"column":null}}]},"6":{"loc":{"start":{"line":41,"column":8},"end":{"line":42,"column":null}},"type":"if","locations":[{"start":{"line":41,"column":8},"end":{"line":42,"column":null}},{"start":{"line":41,"column":8},"end":{"line":42,"column":null}}]},"7":{"loc":{"start":{"line":41,"column":14},"end":{"line":41,"column":29}},"type":"binary-expr","locations":[{"start":{"line":41,"column":14},"end":{"line":41,"column":29}},{"start":{"line":41,"column":33},"end":{"line":41,"column":49}}]},"8":{"loc":{"start":{"line":48,"column":8},"end":{"line":50,"column":null}},"type":"if","locations":[{"start":{"line":48,"column":8},"end":{"line":50,"column":null}},{"start":{"line":48,"column":8},"end":{"line":50,"column":null}}]},"9":{"loc":{"start":{"line":60,"column":4},"end":{"line":72,"column":null}},"type":"if","locations":[{"start":{"line":60,"column":4},"end":{"line":72,"column":null}},{"start":{"line":60,"column":4},"end":{"line":72,"column":null}}]},"10":{"loc":{"start":{"line":60,"column":8},"end":{"line":60,"column":16}},"type":"binary-expr","locations":[{"start":{"line":60,"column":8},"end":{"line":60,"column":16}},{"start":{"line":60,"column":20},"end":{"line":60,"column":28}}]},"11":{"loc":{"start":{"line":62,"column":11},"end":{"line":72,"column":null}},"type":"if","locations":[{"start":{"line":62,"column":11},"end":{"line":72,"column":null}},{"start":{"line":62,"column":11},"end":{"line":72,"column":null}}]},"12":{"loc":{"start":{"line":62,"column":15},"end":{"line":62,"column":24}},"type":"binary-expr","locations":[{"start":{"line":62,"column":15},"end":{"line":62,"column":24}},{"start":{"line":62,"column":28},"end":{"line":62,"column":37}}]},"13":{"loc":{"start":{"line":64,"column":11},"end":{"line":72,"column":null}},"type":"if","locations":[{"start":{"line":64,"column":11},"end":{"line":72,"column":null}},{"start":{"line":64,"column":11},"end":{"line":72,"column":null}}]},"14":{"loc":{"start":{"line":64,"column":15},"end":{"line":64,"column":25}},"type":"binary-expr","locations":[{"start":{"line":64,"column":15},"end":{"line":64,"column":25}},{"start":{"line":64,"column":29},"end":{"line":64,"column":38}}]},"15":{"loc":{"start":{"line":66,"column":11},"end":{"line":72,"column":null}},"type":"if","locations":[{"start":{"line":66,"column":11},"end":{"line":72,"column":null}},{"start":{"line":66,"column":11},"end":{"line":72,"column":null}}]},"16":{"loc":{"start":{"line":66,"column":15},"end":{"line":66,"column":25}},"type":"binary-expr","locations":[{"start":{"line":66,"column":15},"end":{"line":66,"column":25}},{"start":{"line":66,"column":29},"end":{"line":66,"column":38}}]},"17":{"loc":{"start":{"line":68,"column":11},"end":{"line":72,"column":null}},"type":"if","locations":[{"start":{"line":68,"column":11},"end":{"line":72,"column":null}},{"start":{"line":68,"column":11},"end":{"line":72,"column":null}}]},"18":{"loc":{"start":{"line":68,"column":15},"end":{"line":68,"column":25}},"type":"binary-expr","locations":[{"start":{"line":68,"column":15},"end":{"line":68,"column":25}},{"start":{"line":68,"column":29},"end":{"line":68,"column":38}}]},"19":{"loc":{"start":{"line":70,"column":11},"end":{"line":72,"column":null}},"type":"if","locations":[{"start":{"line":70,"column":11},"end":{"line":72,"column":null}},{"start":{"line":70,"column":11},"end":{"line":72,"column":null}}]},"20":{"loc":{"start":{"line":70,"column":15},"end":{"line":70,"column":25}},"type":"binary-expr","locations":[{"start":{"line":70,"column":15},"end":{"line":70,"column":25}},{"start":{"line":70,"column":29},"end":{"line":70,"column":38}}]},"21":{"loc":{"start":{"line":77,"column":4},"end":{"line":79,"column":null}},"type":"if","locations":[{"start":{"line":77,"column":4},"end":{"line":79,"column":null}},{"start":{"line":77,"column":4},"end":{"line":79,"column":null}}]}},"s":{"0":6,"1":6,"2":6,"3":30,"4":6,"5":0,"6":6,"7":6,"8":6,"9":6,"10":3,"11":24,"12":24,"13":0,"14":24,"15":24,"16":24,"17":24,"18":24,"19":9,"20":30,"21":30,"22":30,"23":30,"24":30,"25":30,"26":30,"27":5,"28":5,"29":5,"30":25,"31":6,"32":6,"33":6,"34":19,"35":4,"36":4,"37":4,"38":15,"39":6,"40":6,"41":6,"42":9,"43":4,"44":4,"45":4,"46":5,"47":5,"48":5,"49":5,"50":30,"51":30,"52":30,"53":30,"54":12,"55":18,"56":6},"f":{"0":30},"b":{"0":[6,24],"1":[0,6],"2":[3,3],"3":[3,3],"4":[6,3],"5":[24,0],"6":[0,24],"7":[24,9],"8":[9,15],"9":[5,25],"10":[30,30],"11":[6,19],"12":[25,25],"13":[4,15],"14":[19,19],"15":[6,9],"16":[15,15],"17":[4,5],"18":[9,9],"19":[5,0],"20":[5,5],"21":[12,18]}}
,"/Users/sylvenas/Documents/work/GitLab/convert-color/src/RGB/RGBToHEX.ts": {"path":"/Users/sylvenas/Documents/work/GitLab/convert-color/src/RGB/RGBToHEX.ts","statementMap":{"0":{"start":{"line":1,"column":0},"end":{"line":1,"column":42}},"1":{"start":{"line":2,"column":0},"end":{"line":2,"column":48}},"2":{"start":{"line":3,"column":0},"end":{"line":3,"column":47}},"3":{"start":{"line":28,"column":4},"end":{"line":48,"column":null}},"4":{"start":{"line":29,"column":8},"end":{"line":30,"column":null}},"5":{"start":{"line":30,"column":12},"end":{"line":30,"column":null}},"6":{"start":{"line":32,"column":8},"end":{"line":32,"column":29}},"7":{"start":{"line":33,"column":8},"end":{"line":33,"column":31}},"8":{"start":{"line":34,"column":8},"end":{"line":34,"column":30}},"9":{"start":{"line":35,"column":8},"end":{"line":37,"column":null}},"10":{"start":{"line":36,"column":12},"end":{"line":36,"column":53}},"11":{"start":{"line":38,"column":11},"end":{"line":48,"column":null}},"12":{"start":{"line":39,"column":8},"end":{"line":40,"column":null}},"13":{"start":{"line":40,"column":12},"end":{"line":40,"column":null}},"14":{"start":{"line":42,"column":21},"end":{"line":42,"column":39}},"15":{"start":{"line":43,"column":8},"end":{"line":43,"column":36}},"16":{"start":{"line":44,"column":8},"end":{"line":44,"column":40}},"17":{"start":{"line":45,"column":8},"end":{"line":45,"column":38}},"18":{"start":{"line":46,"column":8},"end":{"line":47,"column":44}},"19":{"start":{"line":47,"column":12},"end":{"line":47,"column":44}},"20":{"start":{"line":50,"column":4},"end":{"line":51,"column":24}},"21":{"start":{"line":51,"column":8},"end":{"line":51,"column":24}},"22":{"start":{"line":52,"column":4},"end":{"line":53,"column":28}},"23":{"start":{"line":53,"column":8},"end":{"line":53,"column":28}},"24":{"start":{"line":54,"column":4},"end":{"line":55,"column":26}},"25":{"start":{"line":55,"column":8},"end":{"line":55,"column":26}},"26":{"start":{"line":56,"column":4},"end":{"line":57,"column":28}},"27":{"start":{"line":57,"column":8},"end":{"line":57,"column":28}},"28":{"start":{"line":59,"column":4},"end":{"line":61,"column":null}},"29":{"start":{"line":60,"column":8},"end":{"line":60,"column":null}},"30":{"start":{"line":62,"column":4},"end":{"line":62,"column":null}},"31":{"start":{"line":65,"column":0},"end":{"line":65,"column":null}}},"fnMap":{"0":{"name":"RGBToHex","decl":{"start":{"line":23,"column":9},"end":{"line":23,"column":17}},"loc":{"start":{"line":23,"column":72},"end":{"line":63,"column":1}}}},"branchMap":{"0":{"loc":{"start":{"line":28,"column":4},"end":{"line":48,"column":null}},"type":"if","locations":[{"start":{"line":28,"column":4},"end":{"line":48,"column":null}},{"start":{"line":28,"column":4},"end":{"line":48,"column":null}}]},"1":{"loc":{"start":{"line":29,"column":8},"end":{"line":30,"column":null}},"type":"if","locations":[{"start":{"line":29,"column":8},"end":{"line":30,"column":null}},{"start":{"line":29,"column":8},"end":{"line":30,"column":null}}]},"2":{"loc":{"start":{"line":29,"column":36},"end":{"line":29,"column":37}},"type":"cond-expr","locations":[{"start":{"line":29,"column":36},"end":{"line":29,"column":37}},{"start":{"line":29,"column":40},"end":{"line":29,"column":41}}]},"3":{"loc":{"start":{"line":35,"column":8},"end":{"line":37,"column":null}},"type":"if","locations":[{"start":{"line":35,"column":8},"end":{"line":37,"column":null}},{"start":{"line":35,"column":8},"end":{"line":37,"column":null}}]},"4":{"loc":{"start":{"line":38,"column":11},"end":{"line":48,"column":null}},"type":"if","locations":[{"start":{"line":38,"column":11},"end":{"line":48,"column":null}},{"start":{"line":38,"column":11},"end":{"line":48,"column":null}}]},"5":{"loc":{"start":{"line":39,"column":8},"end":{"line":40,"column":null}},"type":"if","locations":[{"start":{"line":39,"column":8},"end":{"line":40,"column":null}},{"start":{"line":39,"column":8},"end":{"line":40,"column":null}}]},"6":{"loc":{"start":{"line":39,"column":14},"end":{"line":39,"column":29}},"type":"binary-expr","locations":[{"start":{"line":39,"column":14},"end":{"line":39,"column":29}},{"start":{"line":39,"column":33},"end":{"line":39,"column":49}}]},"7":{"loc":{"start":{"line":46,"column":8},"end":{"line":47,"column":44}},"type":"if","locations":[{"start":{"line":46,"column":8},"end":{"line":47,"column":44}},{"start":{"line":46,"column":8},"end":{"line":47,"column":44}}]},"8":{"loc":{"start":{"line":50,"column":4},"end":{"line":51,"column":24}},"type":"if","locations":[{"start":{"line":50,"column":4},"end":{"line":51,"column":24}},{"start":{"line":50,"column":4},"end":{"line":51,"column":24}}]},"9":{"loc":{"start":{"line":52,"column":4},"end":{"line":53,"column":28}},"type":"if","locations":[{"start":{"line":52,"column":4},"end":{"line":53,"column":28}},{"start":{"line":52,"column":4},"end":{"line":53,"column":28}}]},"10":{"loc":{"start":{"line":54,"column":4},"end":{"line":55,"column":26}},"type":"if","locations":[{"start":{"line":54,"column":4},"end":{"line":55,"column":26}},{"start":{"line":54,"column":4},"end":{"line":55,"column":26}}]},"11":{"loc":{"start":{"line":56,"column":4},"end":{"line":57,"column":28}},"type":"if","locations":[{"start":{"line":56,"column":4},"end":{"line":57,"column":28}},{"start":{"line":56,"column":4},"end":{"line":57,"column":28}}]},"12":{"loc":{"start":{"line":56,"column":8},"end":{"line":56,"column":13}},"type":"binary-expr","locations":[{"start":{"line":56,"column":8},"end":{"line":56,"column":13}},{"start":{"line":56,"column":17},"end":{"line":56,"column":34}}]},"13":{"loc":{"start":{"line":59,"column":4},"end":{"line":61,"column":null}},"type":"if","locations":[{"start":{"line":59,"column":4},"end":{"line":61,"column":null}},{"start":{"line":59,"column":4},"end":{"line":61,"column":null}}]}},"s":{"0":6,"1":6,"2":6,"3":23,"4":6,"5":0,"6":6,"7":6,"8":6,"9":6,"10":3,"11":17,"12":17,"13":0,"14":17,"15":17,"16":17,"17":17,"18":17,"19":9,"20":23,"21":1,"22":23,"23":6,"24":23,"25":1,"26":23,"27":1,"28":23,"29":12,"30":11,"31":6},"f":{"0":23},"b":{"0":[6,17],"1":[0,6],"2":[3,3],"3":[3,3],"4":[17,0],"5":[0,17],"6":[17,9],"7":[9,8],"8":[1,22],"9":[6,17],"10":[1,22],"11":[1,22],"12":[23,12],"13":[12,11]}}
,"/Users/sylvenas/Documents/work/GitLab/convert-color/src/RGB/RGBToHSL.ts": {"path":"/Users/sylvenas/Documents/work/GitLab/convert-color/src/RGB/RGBToHSL.ts","statementMap":{"0":{"start":{"line":1,"column":0},"end":{"line":1,"column":42}},"1":{"start":{"line":2,"column":0},"end":{"line":2,"column":48}},"2":{"start":{"line":3,"column":0},"end":{"line":3,"column":47}},"3":{"start":{"line":29,"column":4},"end":{"line":48,"column":null}},"4":{"start":{"line":30,"column":8},"end":{"line":31,"column":null}},"5":{"start":{"line":31,"column":12},"end":{"line":31,"column":null}},"6":{"start":{"line":33,"column":8},"end":{"line":33,"column":22}},"7":{"start":{"line":34,"column":8},"end":{"line":34,"column":24}},"8":{"start":{"line":35,"column":8},"end":{"line":35,"column":23}},"9":{"start":{"line":36,"column":8},"end":{"line":37,"column":null}},"10":{"start":{"line":37,"column":12},"end":{"line":37,"column":null}},"11":{"start":{"line":38,"column":11},"end":{"line":48,"column":null}},"12":{"start":{"line":39,"column":8},"end":{"line":40,"column":null}},"13":{"start":{"line":40,"column":12},"end":{"line":40,"column":null}},"14":{"start":{"line":42,"column":21},"end":{"line":42,"column":39}},"15":{"start":{"line":43,"column":8},"end":{"line":43,"column":null}},"16":{"start":{"line":44,"column":8},"end":{"line":44,"column":null}},"17":{"start":{"line":45,"column":8},"end":{"line":45,"column":null}},"18":{"start":{"line":46,"column":8},"end":{"line":47,"column":51}},"19":{"start":{"line":47,"column":12},"end":{"line":47,"column":51}},"20":{"start":{"line":50,"column":23},"end":{"line":50,"column":49}},"21":{"start":{"line":51,"column":23},"end":{"line":51,"column":49}},"22":{"start":{"line":52,"column":24},"end":{"line":52,"column":35}},"23":{"start":{"line":53,"column":20},"end":{"line":53,"column":21}},"24":{"start":{"line":54,"column":20},"end":{"line":54,"column":21}},"25":{"start":{"line":55,"column":20},"end":{"line":55,"column":21}},"26":{"start":{"line":57,"column":4},"end":{"line":67,"column":38}},"27":{"start":{"line":58,"column":8},"end":{"line":58,"column":14}},"28":{"start":{"line":60,"column":9},"end":{"line":67,"column":38}},"29":{"start":{"line":61,"column":8},"end":{"line":61,"column":41}},"30":{"start":{"line":63,"column":9},"end":{"line":67,"column":38}},"31":{"start":{"line":64,"column":8},"end":{"line":64,"column":37}},"32":{"start":{"line":67,"column":8},"end":{"line":67,"column":38}},"33":{"start":{"line":69,"column":4},"end":{"line":69,"column":27}},"34":{"start":{"line":72,"column":4},"end":{"line":73,"column":17}},"35":{"start":{"line":73,"column":8},"end":{"line":73,"column":17}},"36":{"start":{"line":75,"column":4},"end":{"line":75,"column":26}},"37":{"start":{"line":78,"column":4},"end":{"line":78,"column":60}},"38":{"start":{"line":81,"column":4},"end":{"line":81,"column":30}},"39":{"start":{"line":82,"column":4},"end":{"line":82,"column":30}},"40":{"start":{"line":84,"column":4},"end":{"line":86,"column":null}},"41":{"start":{"line":85,"column":8},"end":{"line":85,"column":null}},"42":{"start":{"line":87,"column":4},"end":{"line":87,"column":null}},"43":{"start":{"line":90,"column":0},"end":{"line":90,"column":null}}},"fnMap":{"0":{"name":"RGBToHSL","decl":{"start":{"line":23,"column":9},"end":{"line":23,"column":17}},"loc":{"start":{"line":23,"column":72},"end":{"line":88,"column":1}}}},"branchMap":{"0":{"loc":{"start":{"line":29,"column":4},"end":{"line":48,"column":null}},"type":"if","locations":[{"start":{"line":29,"column":4},"end":{"line":48,"column":null}},{"start":{"line":29,"column":4},"end":{"line":48,"column":null}}]},"1":{"loc":{"start":{"line":30,"column":8},"end":{"line":31,"column":null}},"type":"if","locations":[{"start":{"line":30,"column":8},"end":{"line":31,"column":null}},{"start":{"line":30,"column":8},"end":{"line":31,"column":null}}]},"2":{"loc":{"start":{"line":30,"column":36},"end":{"line":30,"column":37}},"type":"cond-expr","locations":[{"start":{"line":30,"column":36},"end":{"line":30,"column":37}},{"start":{"line":30,"column":40},"end":{"line":30,"column":41}}]},"3":{"loc":{"start":{"line":36,"column":8},"end":{"line":37,"column":null}},"type":"if","locations":[{"start":{"line":36,"column":8},"end":{"line":37,"column":null}},{"start":{"line":36,"column":8},"end":{"line":37,"column":null}}]},"4":{"loc":{"start":{"line":36,"column":12},"end":{"line":36,"column":13}},"type":"binary-expr","locations":[{"start":{"line":36,"column":12},"end":{"line":36,"column":13}},{"start":{"line":36,"column":17},"end":{"line":36,"column":38}}]},"5":{"loc":{"start":{"line":38,"column":11},"end":{"line":48,"column":null}},"type":"if","locations":[{"start":{"line":38,"column":11},"end":{"line":48,"column":null}},{"start":{"line":38,"column":11},"end":{"line":48,"column":null}}]},"6":{"loc":{"start":{"line":39,"column":8},"end":{"line":40,"column":null}},"type":"if","locations":[{"start":{"line":39,"column":8},"end":{"line":40,"column":null}},{"start":{"line":39,"column":8},"end":{"line":40,"column":null}}]},"7":{"loc":{"start":{"line":39,"column":14},"end":{"line":39,"column":29}},"type":"binary-expr","locations":[{"start":{"line":39,"column":14},"end":{"line":39,"column":29}},{"start":{"line":39,"column":33},"end":{"line":39,"column":49}}]},"8":{"loc":{"start":{"line":46,"column":8},"end":{"line":47,"column":51}},"type":"if","locations":[{"start":{"line":46,"column":8},"end":{"line":47,"column":51}},{"start":{"line":46,"column":8},"end":{"line":47,"column":51}}]},"9":{"loc":{"start":{"line":57,"column":4},"end":{"line":67,"column":38}},"type":"if","locations":[{"start":{"line":57,"column":4},"end":{"line":67,"column":38}},{"start":{"line":57,"column":4},"end":{"line":67,"column":38}}]},"10":{"loc":{"start":{"line":60,"column":9},"end":{"line":67,"column":38}},"type":"if","locations":[{"start":{"line":60,"column":9},"end":{"line":67,"column":38}},{"start":{"line":60,"column":9},"end":{"line":67,"column":38}}]},"11":{"loc":{"start":{"line":63,"column":9},"end":{"line":67,"column":38}},"type":"if","locations":[{"start":{"line":63,"column":9},"end":{"line":67,"column":38}},{"start":{"line":63,"column":9},"end":{"line":67,"column":38}}]},"12":{"loc":{"start":{"line":72,"column":4},"end":{"line":73,"column":17}},"type":"if","locations":[{"start":{"line":72,"column":4},"end":{"line":73,"column":17}},{"start":{"line":72,"column":4},"end":{"line":73,"column":17}}]},"13":{"loc":{"start":{"line":78,"column":22},"end":{"line":78,"column":23}},"type":"cond-expr","locations":[{"start":{"line":78,"column":22},"end":{"line":78,"column":23}},{"start":{"line":78,"column":26},"end":{"line":78,"column":59}}]},"14":{"loc":{"start":{"line":84,"column":4},"end":{"line":86,"column":null}},"type":"if","locations":[{"start":{"line":84,"column":4},"end":{"line":86,"column":null}},{"start":{"line":84,"column":4},"end":{"line":86,"column":null}}]}},"s":{"0":6,"1":6,"2":6,"3":25,"4":8,"5":0,"6":8,"7":8,"8":8,"9":8,"10":3,"11":17,"12":17,"13":0,"14":17,"15":17,"16":17,"17":17,"18":17,"19":9,"20":25,"21":25,"22":25,"23":25,"24":25,"25":25,"26":25,"27":1,"28":24,"29":12,"30":12,"31":6,"32":6,"33":25,"34":25,"35":6,"36":25,"37":25,"38":25,"39":25,"40":25,"41":12,"42":13,"43":6},"f":{"0":25},"b":{"0":[8,17],"1":[0,8],"2":[3,5],"3":[3,5],"4":[8,3],"5":[17,0],"6":[0,17],"7":[17,9],"8":[9,8],"9":[1,24],"10":[12,12],"11":[6,6],"12":[6,19],"13":[1,24],"14":[12,13]}}
,"/Users/sylvenas/Documents/work/GitLab/convert-color/src/utils/index.ts": {"path":"/Users/sylvenas/Documents/work/GitLab/convert-color/src/utils/index.ts","statementMap":{"0":{"start":{"line":10,"column":4},"end":{"line":17,"column":null}},"1":{"start":{"line":11,"column":8},"end":{"line":11,"column":null}},"2":{"start":{"line":12,"column":9},"end":{"line":17,"column":null}},"3":{"start":{"line":13,"column":8},"end":{"line":13,"column":null}},"4":{"start":{"line":14,"column":9},"end":{"line":17,"column":null}},"5":{"start":{"line":15,"column":8},"end":{"line":15,"column":null}},"6":{"start":{"line":17,"column":8},"end":{"line":17,"column":null}},"7":{"start":{"line":19,"column":4},"end":{"line":19,"column":null}},"8":{"start":{"line":8,"column":0},"end":{"line":8,"column":16}},"9":{"start":{"line":36,"column":24},"end":{"line":36,"column":36}},"10":{"start":{"line":38,"column":4},"end":{"line":52,"column":null}},"11":{"start":{"line":39,"column":21},"end":{"line":39,"column":30}},"12":{"start":{"line":40,"column":28},"end":{"line":40,"column":62}},"13":{"start":{"line":41,"column":38},"end":{"line":41,"column":53}},"14":{"start":{"line":43,"column":8},"end":{"line":44,"column":34}},"15":{"start":{"line":44,"column":12},"end":{"line":44,"column":34}},"16":{"start":{"line":46,"column":8},"end":{"line":46,"column":null}},"17":{"start":{"line":47,"column":8},"end":{"line":47,"column":null}},"18":{"start":{"line":48,"column":8},"end":{"line":48,"column":null}},"19":{"start":{"line":49,"column":8},"end":{"line":51,"column":null}},"20":{"start":{"line":50,"column":12},"end":{"line":50,"column":58}},"21":{"start":{"line":53,"column":4},"end":{"line":53,"column":null}},"22":{"start":{"line":35,"column":0},"end":{"line":35,"column":16}},"23":{"start":{"line":57,"column":4},"end":{"line":57,"column":76}},"24":{"start":{"line":56,"column":0},"end":{"line":56,"column":16}},"25":{"start":{"line":61,"column":4},"end":{"line":61,"column":88}},"26":{"start":{"line":60,"column":0},"end":{"line":60,"column":16}},"27":{"start":{"line":77,"column":24},"end":{"line":77,"column":36}},"28":{"start":{"line":79,"column":4},"end":{"line":92,"column":null}},"29":{"start":{"line":80,"column":29},"end":{"line":80,"column":38}},"30":{"start":{"line":81,"column":28},"end":{"line":81,"column":62}},"31":{"start":{"line":82,"column":40},"end":{"line":82,"column":55}},"32":{"start":{"line":84,"column":8},"end":{"line":85,"column":34}},"33":{"start":{"line":85,"column":12},"end":{"line":85,"column":34}},"34":{"start":{"line":87,"column":8},"end":{"line":87,"column":35}},"35":{"start":{"line":88,"column":8},"end":{"line":88,"column":59}},"36":{"start":{"line":89,"column":8},"end":{"line":89,"column":58}},"37":{"start":{"line":90,"column":8},"end":{"line":91,"column":null}},"38":{"start":{"line":91,"column":12},"end":{"line":91,"column":null}},"39":{"start":{"line":94,"column":4},"end":{"line":94,"column":null}},"40":{"start":{"line":76,"column":0},"end":{"line":76,"column":16}}},"fnMap":{"0":{"name":"hueUnit","decl":{"start":{"line":8,"column":16},"end":{"line":8,"column":23}},"loc":{"start":{"line":8,"column":35},"end":{"line":20,"column":1}}},"1":{"name":"formatRGBAToNum","decl":{"start":{"line":35,"column":16},"end":{"line":35,"column":31}},"loc":{"start":{"line":35,"column":44},"end":{"line":54,"column":1}}},"2":{"name":"computeRGB","decl":{"start":{"line":56,"column":16},"end":{"line":56,"column":26}},"loc":{"start":{"line":56,"column":38},"end":{"line":58,"column":1}}},"3":{"name":"computeAlpha","decl":{"start":{"line":60,"column":16},"end":{"line":60,"column":28}},"loc":{"start":{"line":60,"column":42},"end":{"line":62,"column":1}}},"4":{"name":"formatHSLAToNum","decl":{"start":{"line":76,"column":16},"end":{"line":76,"column":31}},"loc":{"start":{"line":76,"column":44},"end":{"line":95,"column":1}}}},"branchMap":{"0":{"loc":{"start":{"line":10,"column":4},"end":{"line":17,"column":null}},"type":"if","locations":[{"start":{"line":10,"column":4},"end":{"line":17,"column":null}},{"start":{"line":10,"column":4},"end":{"line":17,"column":null}}]},"1":{"loc":{"start":{"line":12,"column":9},"end":{"line":17,"column":null}},"type":"if","locations":[{"start":{"line":12,"column":9},"end":{"line":17,"column":null}},{"start":{"line":12,"column":9},"end":{"line":17,"column":null}}]},"2":{"loc":{"start":{"line":14,"column":9},"end":{"line":17,"column":null}},"type":"if","locations":[{"start":{"line":14,"column":9},"end":{"line":17,"column":null}},{"start":{"line":14,"column":9},"end":{"line":17,"column":null}}]},"3":{"loc":{"start":{"line":38,"column":4},"end":{"line":52,"column":null}},"type":"if","locations":[{"start":{"line":38,"column":4},"end":{"line":52,"column":null}},{"start":{"line":38,"column":4},"end":{"line":52,"column":null}}]},"4":{"loc":{"start":{"line":40,"column":53},"end":{"line":40,"column":56}},"type":"cond-expr","locations":[{"start":{"line":40,"column":53},"end":{"line":40,"column":56}},{"start":{"line":40,"column":59},"end":{"line":40,"column":62}}]},"5":{"loc":{"start":{"line":43,"column":8},"end":{"line":44,"column":34}},"type":"if","locations":[{"start":{"line":43,"column":8},"end":{"line":44,"column":34}},{"start":{"line":43,"column":8},"end":{"line":44,"column":34}}]},"6":{"loc":{"start":{"line":49,"column":8},"end":{"line":51,"column":null}},"type":"if","locations":[{"start":{"line":49,"column":8},"end":{"line":51,"column":null}},{"start":{"line":49,"column":8},"end":{"line":51,"column":null}}]},"7":{"loc":{"start":{"line":57,"column":35},"end":{"line":57,"column":68}},"type":"cond-expr","locations":[{"start":{"line":57,"column":35},"end":{"line":57,"column":68}},{"start":{"line":57,"column":71},"end":{"line":57,"column":75}}]},"8":{"loc":{"start":{"line":61,"column":37},"end":{"line":61,"column":72}},"type":"cond-expr","locations":[{"start":{"line":61,"column":37},"end":{"line":61,"column":72}},{"start":{"line":61,"column":75},"end":{"line":61,"column":87}}]},"9":{"loc":{"start":{"line":79,"column":4},"end":{"line":92,"column":null}},"type":"if","locations":[{"start":{"line":79,"column":4},"end":{"line":92,"column":null}},{"start":{"line":79,"column":4},"end":{"line":92,"column":null}}]},"10":{"loc":{"start":{"line":81,"column":53},"end":{"line":81,"column":56}},"type":"cond-expr","locations":[{"start":{"line":81,"column":53},"end":{"line":81,"column":56}},{"start":{"line":81,"column":59},"end":{"line":81,"column":62}}]},"11":{"loc":{"start":{"line":84,"column":8},"end":{"line":85,"column":34}},"type":"if","locations":[{"start":{"line":84,"column":8},"end":{"line":85,"column":34}},{"start":{"line":84,"column":8},"end":{"line":85,"column":34}}]},"12":{"loc":{"start":{"line":90,"column":8},"end":{"line":91,"column":null}},"type":"if","locations":[{"start":{"line":90,"column":8},"end":{"line":91,"column":null}},{"start":{"line":90,"column":8},"end":{"line":91,"column":null}}]}},"s":{"0":48,"1":6,"2":42,"3":6,"4":36,"5":6,"6":30,"7":48,"8":6,"9":34,"10":34,"11":34,"12":34,"13":34,"14":34,"15":10,"16":34,"17":34,"18":34,"19":34,"20":18,"21":34,"22":6,"23":102,"24":6,"25":36,"26":6,"27":48,"28":48,"29":48,"30":48,"31":48,"32":48,"33":12,"34":48,"35":48,"36":48,"37":48,"38":18,"39":48,"40":6},"f":{"0":48,"1":34,"2":102,"3":36,"4":48},"b":{"0":[6,42],"1":[6,36],"2":[6,30],"3":[34,0],"4":[16,18],"5":[10,24],"6":[18,16],"7":[30,72],"8":[10,26],"9":[48,0],"10":[30,18],"11":[12,36],"12":[18,30]}}
,"/Users/sylvenas/Documents/work/GitLab/convert-color/src/utils/reg.ts": {"path":"/Users/sylvenas/Documents/work/GitLab/convert-color/src/utils/reg.ts","statementMap":{"0":{"start":{"line":1,"column":13},"end":{"line":1,"column":null}},"1":{"start":{"line":3,"column":13},"end":{"line":3,"column":null}},"2":{"start":{"line":5,"column":13},"end":{"line":5,"column":null}},"3":{"start":{"line":7,"column":13},"end":{"line":7,"column":null}},"4":{"start":{"line":9,"column":13},"end":{"line":9,"column":null}},"5":{"start":{"line":11,"column":13},"end":{"line":11,"column":null}}},"fnMap":{},"branchMap":{},"s":{"0":6,"1":6,"2":6,"3":6,"4":6,"5":6},"f":{},"b":{}}
,"/Users/sylvenas/Documents/work/GitLab/convert-color/src/utils/type-check.ts": {"path":"/Users/sylvenas/Documents/work/GitLab/convert-color/src/utils/type-check.ts","statementMap":{"0":{"start":{"line":1,"column":26},"end":{"line":1,"column":51}},"1":{"start":{"line":2,"column":22},"end":{"line":2,"column":90}},"2":{"start":{"line":2,"column":42},"end":{"line":2,"column":90}},"3":{"start":{"line":3,"column":4},"end":{"line":3,"column":null}},"4":{"start":{"line":1,"column":0},"end":{"line":1,"column":16}}},"fnMap":{"0":{"name":"isNumeric","decl":{"start":{"line":1,"column":16},"end":{"line":1,"column":25}},"loc":{"start":{"line":1,"column":25},"end":{"line":4,"column":1}}},"1":{"name":"(anonymous_1)","decl":{"start":{"line":2,"column":37},"end":{"line":2,"column":38}},"loc":{"start":{"line":2,"column":38},"end":{"line":2,"column":43}}}},"branchMap":{"0":{"loc":{"start":{"line":2,"column":42},"end":{"line":2,"column":74}},"type":"binary-expr","locations":[{"start":{"line":2,"column":42},"end":{"line":2,"column":74}},{"start":{"line":2,"column":78},"end":{"line":2,"column":89}}]}},"s":{"0":156,"1":26,"2":104,"3":26,"4":6},"f":{"0":26,"1":104},"b":{"0":[104,104]}}
}
