TN:
SF:src/index.ts
FNF:0
FNH:0
DA:1,6
DA:2,6
DA:4,6
DA:5,6
DA:7,6
DA:8,6
DA:11,6
DA:12,6
DA:14,6
DA:15,6
DA:17,6
DA:18,6
LF:12
LH:12
BRF:0
BRH:0
end_of_record
TN:
SF:src/HEX/HEXToHSL.ts
FN:15,hexToHSL
FNF:1
FNH:1
FNDA:14,hexToHSL
DA:1,6
DA:16,14
DA:17,0
DA:20,14
DA:21,14
DA:22,8
DA:23,8
DA:24,8
DA:25,6
DA:26,6
DA:27,6
DA:28,6
DA:31,14
DA:32,3
DA:33,11
DA:34,3
DA:37,14
DA:38,14
DA:39,14
DA:40,14
DA:41,14
DA:42,14
DA:43,14
DA:44,14
DA:45,14
DA:46,14
DA:48,14
DA:49,1
DA:50,13
DA:51,8
DA:52,5
DA:53,1
DA:55,4
DA:57,14
DA:59,14
DA:60,8
DA:62,14
DA:63,14
DA:64,14
DA:65,14
DA:67,14
DA:68,8
DA:70,6
DA:73,6
LF:44
LH:43
BRDA:16,0,0,0
BRDA:16,0,1,14
BRDA:16,1,0,14
BRDA:16,1,1,6
BRDA:21,2,0,8
BRDA:21,2,1,6
BRDA:21,3,0,14
BRDA:21,3,1,9
BRDA:25,4,0,6
BRDA:25,4,1,0
BRDA:25,5,0,6
BRDA:25,5,1,3
BRDA:31,6,0,3
BRDA:31,6,1,11
BRDA:33,7,0,3
BRDA:33,7,1,8
BRDA:48,8,0,1
BRDA:48,8,1,13
BRDA:50,9,0,8
BRDA:50,9,1,5
BRDA:52,10,0,1
BRDA:52,10,1,4
BRDA:59,11,0,8
BRDA:59,11,1,6
BRDA:63,12,0,1
BRDA:63,12,1,13
BRDA:67,13,0,8
BRDA:67,13,1,6
BRDA:67,14,0,14
BRDA:67,14,1,9
BRF:30
BRH:28
end_of_record
TN:
SF:src/HEX/HEXToRGB.ts
FN:16,HEXToRGB
FNF:1
FNH:1
FNDA:12,HEXToRGB
DA:1,6
DA:17,12
DA:18,0
DA:20,12
DA:21,12
DA:22,12
DA:23,12
DA:26,12
DA:27,6
DA:28,6
DA:29,6
DA:32,6
DA:33,6
DA:34,6
DA:35,6
DA:37,12
DA:38,3
DA:39,3
DA:40,9
DA:41,3
DA:42,3
DA:46,12
DA:47,6
DA:49,6
DA:53,6
LF:25
LH:24
BRDA:17,0,0,0
BRDA:17,0,1,12
BRDA:17,1,0,12
BRDA:17,1,1,6
BRDA:26,2,0,6
BRDA:26,2,1,6
BRDA:26,3,0,12
BRDA:26,3,1,9
BRDA:32,4,0,6
BRDA:32,4,1,0
BRDA:32,5,0,6
BRDA:32,5,1,3
BRDA:37,6,0,3
BRDA:37,6,1,9
BRDA:40,7,0,3
BRDA:40,7,1,6
BRDA:46,8,0,6
BRDA:46,8,1,6
BRDA:46,9,0,12
BRDA:46,9,1,9
BRF:20
BRH:18
end_of_record
TN:
SF:src/HSL/HSLToHEX.ts
FN:23,HSLToHEX
FNF:1
FNH:1
FNDA:30,HSLToHEX
DA:1,6
DA:2,6
DA:3,6
DA:29,30
DA:30,6
DA:31,0
DA:34,6
DA:35,6
DA:36,6
DA:37,6
DA:38,3
DA:39,24
DA:40,24
DA:41,0
DA:43,24
DA:44,24
DA:45,24
DA:46,24
DA:47,24
DA:48,9
DA:52,30
DA:53,30
DA:54,30
DA:55,30
DA:56,30
DA:57,30
DA:59,30
DA:60,5
DA:61,25
DA:62,6
DA:63,19
DA:64,4
DA:65,15
DA:66,6
DA:67,9
DA:68,4
DA:69,5
DA:70,5
DA:72,30
DA:73,30
DA:74,30
DA:77,30
DA:78,5
DA:79,30
DA:80,1
DA:81,30
DA:82,1
DA:84,30
DA:85,12
DA:88,18
DA:91,6
LF:51
LH:49
BRDA:29,0,0,6
BRDA:29,0,1,24
BRDA:30,1,0,0
BRDA:30,1,1,6
BRDA:30,2,0,3
BRDA:30,2,1,3
BRDA:37,3,0,3
BRDA:37,3,1,3
BRDA:37,4,0,6
BRDA:37,4,1,3
BRDA:39,5,0,24
BRDA:39,5,1,0
BRDA:40,6,0,0
BRDA:40,6,1,24
BRDA:40,7,0,24
BRDA:40,7,1,9
BRDA:47,8,0,9
BRDA:47,8,1,15
BRDA:59,9,0,5
BRDA:59,9,1,25
BRDA:59,10,0,30
BRDA:59,10,1,30
BRDA:61,11,0,6
BRDA:61,11,1,19
BRDA:61,12,0,25
BRDA:61,12,1,25
BRDA:63,13,0,4
BRDA:63,13,1,15
BRDA:63,14,0,19
BRDA:63,14,1,19
BRDA:65,15,0,6
BRDA:65,15,1,9
BRDA:65,16,0,15
BRDA:65,16,1,15
BRDA:67,17,0,4
BRDA:67,17,1,5
BRDA:67,18,0,9
BRDA:67,18,1,9
BRDA:69,19,0,5
BRDA:69,19,1,0
BRDA:69,20,0,5
BRDA:69,20,1,5
BRDA:77,21,0,5
BRDA:77,21,1,25
BRDA:79,22,0,1
BRDA:79,22,1,29
BRDA:81,23,0,1
BRDA:81,23,1,29
BRDA:84,24,0,12
BRDA:84,24,1,18
BRF:50
BRH:46
end_of_record
TN:
SF:src/HSL/HSLToRGB.ts
FN:24,HSLToRGB
FNF:1
FNH:1
FNDA:30,HSLToRGB
DA:1,6
DA:2,6
DA:3,6
DA:30,30
DA:31,6
DA:32,0
DA:35,6
DA:36,6
DA:37,6
DA:38,6
DA:39,3
DA:40,24
DA:41,24
DA:42,0
DA:44,24
DA:45,24
DA:46,24
DA:47,24
DA:48,24
DA:49,9
DA:53,30
DA:54,30
DA:55,30
DA:56,30
DA:57,30
DA:58,30
DA:60,30
DA:61,5
DA:62,25
DA:63,6
DA:64,19
DA:65,4
DA:66,15
DA:67,6
DA:68,9
DA:69,4
DA:70,5
DA:71,5
DA:73,30
DA:74,30
DA:75,30
DA:77,30
DA:78,12
DA:81,18
DA:84,6
LF:45
LH:43
BRDA:30,0,0,6
BRDA:30,0,1,24
BRDA:31,1,0,0
BRDA:31,1,1,6
BRDA:31,2,0,3
BRDA:31,2,1,3
BRDA:38,3,0,3
BRDA:38,3,1,3
BRDA:38,4,0,6
BRDA:38,4,1,3
BRDA:40,5,0,24
BRDA:40,5,1,0
BRDA:41,6,0,0
BRDA:41,6,1,24
BRDA:41,7,0,24
BRDA:41,7,1,9
BRDA:48,8,0,9
BRDA:48,8,1,15
BRDA:60,9,0,5
BRDA:60,9,1,25
BRDA:60,10,0,30
BRDA:60,10,1,30
BRDA:62,11,0,6
BRDA:62,11,1,19
BRDA:62,12,0,25
BRDA:62,12,1,25
BRDA:64,13,0,4
BRDA:64,13,1,15
BRDA:64,14,0,19
BRDA:64,14,1,19
BRDA:66,15,0,6
BRDA:66,15,1,9
BRDA:66,16,0,15
BRDA:66,16,1,15
BRDA:68,17,0,4
BRDA:68,17,1,5
BRDA:68,18,0,9
BRDA:68,18,1,9
BRDA:70,19,0,5
BRDA:70,19,1,0
BRDA:70,20,0,5
BRDA:70,20,1,5
BRDA:77,21,0,12
BRDA:77,21,1,18
BRF:44
BRH:40
end_of_record
TN:
SF:src/RGB/RGBToHEX.ts
FN:23,RGBToHex
FNF:1
FNH:1
FNDA:23,RGBToHex
DA:1,6
DA:2,6
DA:3,6
DA:28,23
DA:29,6
DA:30,0
DA:32,6
DA:33,6
DA:34,6
DA:35,6
DA:36,3
DA:38,17
DA:39,17
DA:40,0
DA:42,17
DA:43,17
DA:44,17
DA:45,17
DA:46,17
DA:47,9
DA:50,23
DA:51,1
DA:52,23
DA:53,6
DA:54,23
DA:55,1
DA:56,23
DA:57,1
DA:59,23
DA:60,12
DA:62,11
DA:65,6
LF:32
LH:30
BRDA:28,0,0,6
BRDA:28,0,1,17
BRDA:29,1,0,0
BRDA:29,1,1,6
BRDA:29,2,0,3
BRDA:29,2,1,3
BRDA:35,3,0,3
BRDA:35,3,1,3
BRDA:38,4,0,17
BRDA:38,4,1,0
BRDA:39,5,0,0
BRDA:39,5,1,17
BRDA:39,6,0,17
BRDA:39,6,1,9
BRDA:46,7,0,9
BRDA:46,7,1,8
BRDA:50,8,0,1
BRDA:50,8,1,22
BRDA:52,9,0,6
BRDA:52,9,1,17
BRDA:54,10,0,1
BRDA:54,10,1,22
BRDA:56,11,0,1
BRDA:56,11,1,22
BRDA:56,12,0,23
BRDA:56,12,1,12
BRDA:59,13,0,12
BRDA:59,13,1,11
BRF:28
BRH:25
end_of_record
TN:
SF:src/RGB/RGBToHSL.ts
FN:23,RGBToHSL
FNF:1
FNH:1
FNDA:25,RGBToHSL
DA:1,6
DA:2,6
DA:3,6
DA:29,25
DA:30,8
DA:31,0
DA:33,8
DA:34,8
DA:35,8
DA:36,8
DA:37,3
DA:38,17
DA:39,17
DA:40,0
DA:42,17
DA:43,17
DA:44,17
DA:45,17
DA:46,17
DA:47,9
DA:50,25
DA:51,25
DA:52,25
DA:53,25
DA:54,25
DA:55,25
DA:57,25
DA:58,1
DA:60,24
DA:61,12
DA:63,12
DA:64,6
DA:67,6
DA:69,25
DA:72,25
DA:73,6
DA:75,25
DA:78,25
DA:81,25
DA:82,25
DA:84,25
DA:85,12
DA:87,13
DA:90,6
LF:44
LH:42
BRDA:29,0,0,8
BRDA:29,0,1,17
BRDA:30,1,0,0
BRDA:30,1,1,8
BRDA:30,2,0,3
BRDA:30,2,1,5
BRDA:36,3,0,3
BRDA:36,3,1,5
BRDA:36,4,0,8
BRDA:36,4,1,3
BRDA:38,5,0,17
BRDA:38,5,1,0
BRDA:39,6,0,0
BRDA:39,6,1,17
BRDA:39,7,0,17
BRDA:39,7,1,9
BRDA:46,8,0,9
BRDA:46,8,1,8
BRDA:57,9,0,1
BRDA:57,9,1,24
BRDA:60,10,0,12
BRDA:60,10,1,12
BRDA:63,11,0,6
BRDA:63,11,1,6
BRDA:72,12,0,6
BRDA:72,12,1,19
BRDA:78,13,0,1
BRDA:78,13,1,24
BRDA:84,14,0,12
BRDA:84,14,1,13
BRF:30
BRH:27
end_of_record
TN:
SF:src/utils/index.ts
FN:8,hueUnit
FN:35,formatRGBAToNum
FN:56,computeRGB
FN:60,computeAlpha
FN:76,formatHSLAToNum
FNF:5
FNH:5
FNDA:48,hueUnit
FNDA:34,formatRGBAToNum
FNDA:102,computeRGB
FNDA:36,computeAlpha
FNDA:48,formatHSLAToNum
DA:8,6
DA:10,48
DA:11,6
DA:12,42
DA:13,6
DA:14,36
DA:15,6
DA:17,30
DA:19,48
DA:35,6
DA:36,34
DA:38,34
DA:39,34
DA:40,34
DA:41,34
DA:43,34
DA:44,10
DA:46,34
DA:47,34
DA:48,34
DA:49,34
DA:50,18
DA:53,34
DA:56,6
DA:57,102
DA:60,6
DA:61,36
DA:76,6
DA:77,48
DA:79,48
DA:80,48
DA:81,48
DA:82,48
DA:84,48
DA:85,12
DA:87,48
DA:88,48
DA:89,48
DA:90,48
DA:91,18
DA:94,48
LF:41
LH:41
BRDA:10,0,0,6
BRDA:10,0,1,42
BRDA:12,1,0,6
BRDA:12,1,1,36
BRDA:14,2,0,6
BRDA:14,2,1,30
BRDA:38,3,0,34
BRDA:38,3,1,0
BRDA:40,4,0,16
BRDA:40,4,1,18
BRDA:43,5,0,10
BRDA:43,5,1,24
BRDA:49,6,0,18
BRDA:49,6,1,16
BRDA:57,7,0,30
BRDA:57,7,1,72
BRDA:61,8,0,10
BRDA:61,8,1,26
BRDA:79,9,0,48
BRDA:79,9,1,0
BRDA:81,10,0,30
BRDA:81,10,1,18
BRDA:84,11,0,12
BRDA:84,11,1,36
BRDA:90,12,0,18
BRDA:90,12,1,30
BRF:26
BRH:24
end_of_record
TN:
SF:src/utils/reg.ts
FNF:0
FNH:0
DA:1,6
DA:3,6
DA:5,6
DA:7,6
DA:9,6
DA:11,6
LF:6
LH:6
BRF:0
BRH:0
end_of_record
TN:
SF:src/utils/type-check.ts
FN:1,isNumeric
FN:2,(anonymous_1)
FNF:2
FNH:2
FNDA:26,isNumeric
FNDA:104,(anonymous_1)
DA:1,156
DA:2,104
DA:3,26
LF:3
LH:3
BRDA:2,0,0,104
BRDA:2,0,1,104
BRF:2
BRH:2
end_of_record
